info: ::1 - - [13/Feb/2024:05:26:30 +0000] "GET /api/v1/books/filter HTTP/1.1" 200 9293 "-" "PostmanRuntime/7.36.3"

info: ::1 - - [13/Feb/2024:05:26:42 +0000] "GET /api/v1/books/search HTTP/1.1" 200 9277 "-" "PostmanRuntime/7.36.3"

info: ::1 - - [13/Feb/2024:10:42:23 +0000] "GET /api/v1/user HTTP/1.1" 404 47 "-" "PostmanRuntime/7.36.3"

info: ::1 - - [13/Feb/2024:10:43:52 +0000] "POST /api/v1/users HTTP/1.1" 201 321 "-" "PostmanRuntime/7.36.3"

info: ::1 - - [13/Feb/2024:10:44:00 +0000] "POST /api/v1/users HTTP/1.1" 400 67 "-" "PostmanRuntime/7.36.3"

info: ::1 - - [13/Feb/2024:10:44:19 +0000] "POST /api/v1/users/signin HTTP/1.1" 200 215 "-" "PostmanRuntime/7.36.3"

info: ::1 - - [13/Feb/2024:10:45:00 +0000] "POST /api/v1/users/ HTTP/1.1" 201 320 "-" "PostmanRuntime/7.36.3"

info: ::1 - - [13/Feb/2024:10:45:07 +0000] "POST /api/v1/users/signin HTTP/1.1" 200 215 "-" "PostmanRuntime/7.36.3"

info: ::1 - - [13/Feb/2024:10:47:56 +0000] "GET /api/v1/books HTTP/1.1" 400 40 "-" "PostmanRuntime/7.36.3"

info: ::1 - - [13/Feb/2024:10:48:18 +0000] "GET /api/v1/books/filter HTTP/1.1" 400 40 "-" "PostmanRuntime/7.36.3"

info: ::1 - - [13/Feb/2024:10:48:51 +0000] "GET /api/v1/books/filter HTTP/1.1" 200 9293 "-" "PostmanRuntime/7.36.3"

info: ::1 - - [13/Feb/2024:10:58:15 +0000] "POST /api/v1/users HTTP/1.1" 201 320 "-" "PostmanRuntime/7.36.3"

info: ::1 - - [13/Feb/2024:10:58:24 +0000] "POST /api/v1/users HTTP/1.1" 201 321 "-" "PostmanRuntime/7.36.3"

info: ::1 - - [13/Feb/2024:10:58:33 +0000] "POST /api/v1/users/signin HTTP/1.1" 200 215 "-" "PostmanRuntime/7.36.3"

info: ::1 - - [13/Feb/2024:10:58:47 +0000] "POST /api/v1/users/signin HTTP/1.1" 200 215 "-" "PostmanRuntime/7.36.3"

info: ::1 - - [13/Feb/2024:11:00:04 +0000] "GET /api/v1/books/filter HTTP/1.1" 200 9293 "-" "PostmanRuntime/7.36.3"

info: ::1 - - [13/Feb/2024:11:00:10 +0000] "GET /api/v1/books/search HTTP/1.1" 200 9277 "-" "PostmanRuntime/7.36.3"

info: ::1 - - [13/Feb/2024:11:01:01 +0000] "GET /api/v1/books/search HTTP/1.1" 200 350 "-" "PostmanRuntime/7.36.3"

info: ::1 - - [13/Feb/2024:11:01:12 +0000] "GET /api/v1/books/search HTTP/1.1" 200 350 "-" "PostmanRuntime/7.36.3"

info: ::1 - - [13/Feb/2024:11:01:20 +0000] "GET /api/v1/books/search HTTP/1.1" 200 6433 "-" "PostmanRuntime/7.36.3"

info: ::1 - - [13/Feb/2024:11:02:16 +0000] "GET /api/v1/books/search HTTP/1.1" 200 9277 "-" "PostmanRuntime/7.36.3"

info: ::1 - - [13/Feb/2024:11:02:47 +0000] "POST /api/v1/cart/616fdcc474dbc1000e41e655 HTTP/1.1" 400 51 "-" "PostmanRuntime/7.36.3"

info: ::1 - - [13/Feb/2024:11:05:35 +0000] "POST /api/v1/cart/616fdcc474dbc1000e41e655 HTTP/1.1" 400 61 "-" "PostmanRuntime/7.36.3"

info: ::1 - - [13/Feb/2024:11:06:32 +0000] "POST /api/v1/cart/616fdcc474dbc1000e41e655 HTTP/1.1" 400 61 "-" "PostmanRuntime/7.36.3"

info: ::1 - - [13/Feb/2024:11:07:04 +0000] "POST /api/v1/cart/616fdcc474dbc1000e41e655 HTTP/1.1" 400 61 "-" "PostmanRuntime/7.36.3"

info: ::1 - - [13/Feb/2024:11:08:08 +0000] "POST /api/v1/cart/616fdcc474dbc1000e41e655 HTTP/1.1" 400 61 "-" "PostmanRuntime/7.36.3"

info: ::1 - - [13/Feb/2024:11:09:34 +0000] "POST /api/v1/cart/616fdcc474dbc1000e41e655 HTTP/1.1" 400 61 "-" "PostmanRuntime/7.36.3"

info: ::1 - - [13/Feb/2024:11:10:00 +0000] "POST /api/v1/users/signin HTTP/1.1" 200 215 "-" "PostmanRuntime/7.36.3"

info: ::1 - - [13/Feb/2024:11:10:26 +0000] "GET /api/v1/cart HTTP/1.1" 200 68 "-" "PostmanRuntime/7.36.3"

info: ::1 - - [13/Feb/2024:11:10:41 +0000] "GET /api/v1/books/filter HTTP/1.1" 200 9293 "-" "PostmanRuntime/7.36.3"

info: ::1 - - [13/Feb/2024:11:10:57 +0000] "POST /api/v1/cart/621588af05253301a4fda5ce HTTP/1.1" 200 236 "-" "PostmanRuntime/7.36.3"

info: ::1 - - [13/Feb/2024:11:11:58 +0000] "POST /api/v1/cart/621588af05253301a4fda5ce HTTP/1.1" 200 330 "-" "PostmanRuntime/7.36.3"

info: ::1 - - [13/Feb/2024:11:12:25 +0000] "POST /api/v1/cart/6215890d05253301a4fda5d1 HTTP/1.1" 200 437 "-" "PostmanRuntime/7.36.3"

info: ::1 - - [13/Feb/2024:11:12:50 +0000] "POST /api/v1/users/signin HTTP/1.1" 200 215 "-" "PostmanRuntime/7.36.3"

info: ::1 - - [13/Feb/2024:11:13:27 +0000] "POST /api/v1/cart/6215897105253301a4fda5d5 HTTP/1.1" 200 538 "-" "PostmanRuntime/7.36.3"

info: ::1 - - [13/Feb/2024:11:18:02 +0000] "POST /api/v1/cart/6215897105253301a4fda5d5 HTTP/1.1" 200 640 "-" "PostmanRuntime/7.36.3"

info: ::1 - - [13/Feb/2024:11:18:27 +0000] "DELETE /api/v1/cart/6215897105253301a4fda5d5 HTTP/1.1" 400 65 "-" "PostmanRuntime/7.36.3"

info: ::1 - - [13/Feb/2024:11:19:09 +0000] "DELETE /api/v1/cart/6215897105253301a4fda5d5 HTTP/1.1" 200 42 "-" "PostmanRuntime/7.36.3"

info: ::1 - - [13/Feb/2024:11:19:12 +0000] "DELETE /api/v1/cart/6215897105253301a4fda5d5 HTTP/1.1" 200 42 "-" "PostmanRuntime/7.36.3"

info: ::1 - - [13/Feb/2024:11:19:20 +0000] "GET /api/v1/cart/ HTTP/1.1" 200 645 "-" "PostmanRuntime/7.36.3"

info: ::1 - - [13/Feb/2024:11:19:39 +0000] "DELETE /api/v1/cart/65cb4ed735007639dc552009 HTTP/1.1" 200 42 "-" "PostmanRuntime/7.36.3"

info: ::1 - - [13/Feb/2024:11:19:48 +0000] "GET /api/v1/cart/ HTTP/1.1" 200 645 "-" "PostmanRuntime/7.36.3"

info: ::1 - - [13/Feb/2024:11:20:47 +0000] "POST /api/v1/cart/65cb4e4135007639dc551ff6 HTTP/1.1" 400 51 "-" "PostmanRuntime/7.36.3"

info: ::1 - - [13/Feb/2024:11:21:41 +0000] "POST /api/v1/cart/6215178d05253301a4fda5c4 HTTP/1.1" 200 248 "-" "PostmanRuntime/7.36.3"

info: ::1 - - [13/Feb/2024:11:21:58 +0000] "POST /api/v1/cart/621588af05253301a4fda5ce HTTP/1.1" 200 342 "-" "PostmanRuntime/7.36.3"

info: ::1 - - [13/Feb/2024:11:22:14 +0000] "POST /api/v1/cart/621588af05253301a4fda5ce HTTP/1.1" 200 437 "-" "PostmanRuntime/7.36.3"

info: ::1 - - [13/Feb/2024:11:25:28 +0000] "POST /api/v1/cart/621588af05253301a4fda5ce HTTP/1.1" 200 531 "-" "PostmanRuntime/7.36.3"

info: ::1 - - [13/Feb/2024:11:26:51 +0000] "POST /api/v1/cart/6214803b05253301a4fda584 HTTP/1.1" 400 51 "-" "PostmanRuntime/7.36.3"

info: ::1 - - [13/Feb/2024:11:27:21 +0000] "POST /api/v1/cart/621588d505253301a4fda5cf HTTP/1.1" 200 287 "-" "PostmanRuntime/7.36.3"

info: ::1 - - [13/Feb/2024:11:27:57 +0000] "POST /api/v1/cart/621588d505253301a4fda5cf HTTP/1.1" 200 287 "-" "PostmanRuntime/7.36.3"

