info: ::1 - - [12/Feb/2024:07:08:29 +0000] "GET /api/v1/books/ HTTP/1.1" 200 65 "-" "PostmanRuntime/7.36.1"

info: ::1 - - [12/Feb/2024:07:10:10 +0000] "GET /api/v1/books/ HTTP/1.1" 200 65 "-" "PostmanRuntime/7.36.1"

info: ::1 - - [12/Feb/2024:07:12:01 +0000] "GET /api/v1/books/ HTTP/1.1" 200 65 "-" "PostmanRuntime/7.36.1"

info: ::1 - - [12/Feb/2024:07:12:25 +0000] "GET /api/v1/books/ HTTP/1.1" 200 9282 "-" "PostmanRuntime/7.36.1"

info: ::1 - - [12/Feb/2024:07:19:45 +0000] "GET /api/v1/books/62158a6505253301a4fda5df HTTP/1.1" 200 9282 "-" "PostmanRuntime/7.36.1"

info: ::1 - - [12/Feb/2024:07:20:06 +0000] "GET /api/v1/books/62158a6505253301a4fda5df HTTP/1.1" 200 387 "-" "PostmanRuntime/7.36.1"

info: ::1 - - [12/Feb/2024:07:20:22 +0000] "GET /api/v1/books/621589b605253301a4fda5d8 HTTP/1.1" 200 1139 "-" "PostmanRuntime/7.36.1"

info: ::1 - - [12/Feb/2024:07:35:26 +0000] "GET /api/v1/books/ HTTP/1.1" 200 9282 "-" "PostmanRuntime/7.36.1"

info: ::1 - - [12/Feb/2024:07:39:53 +0000] "GET /api/v1/books/authbook HTTP/1.1" 200 50 "-" "PostmanRuntime/7.36.1"

info: ::1 - - [12/Feb/2024:07:47:55 +0000] "GET /api/v1/books/authbook HTTP/1.1" 200 50 "-" "PostmanRuntime/7.36.1"

info: ::1 - - [12/Feb/2024:07:48:04 +0000] "GET /api/v1/books/filter HTTP/1.1" 200 50 "-" "PostmanRuntime/7.36.1"

info: ::1 - - [12/Feb/2024:07:48:14 +0000] "GET /api/v1/books/filter HTTP/1.1" 200 50 "-" "PostmanRuntime/7.36.1"

info: ::1 - - [12/Feb/2024:07:50:42 +0000] "GET /api/v1/books/filter HTTP/1.1" 200 50 "-" "PostmanRuntime/7.36.1"

info: ::1 - - [12/Feb/2024:07:51:40 +0000] "GET /api/v1/books/filter HTTP/1.1" 200 1141 "-" "PostmanRuntime/7.36.1"

info: ::1 - - [12/Feb/2024:07:52:04 +0000] "GET /api/v1/books/filter HTTP/1.1" 200 1141 "-" "PostmanRuntime/7.36.1"

info: ::1 - - [12/Feb/2024:07:54:31 +0000] "GET /api/v1/books/filter HTTP/1.1" 200 366 "-" "PostmanRuntime/7.36.1"

info: ::1 - - [12/Feb/2024:11:31:37 +0000] "GET /api/v1/books/filter HTTP/1.1" 200 9284 "-" "PostmanRuntime/7.36.1"

info: ::1 - - [12/Feb/2024:11:41:12 +0000] "GET /api/v1/books HTTP/1.1" 200 9282 "-" "PostmanRuntime/7.36.1"

info: ::1 - - [12/Feb/2024:11:43:55 +0000] "GET /api/v1/books/ HTTP/1.1" 200 9282 "-" "PostmanRuntime/7.36.1"

info: ::1 - - [12/Feb/2024:11:44:15 +0000] "GET /api/v1/books/search HTTP/1.1" 200 662 "-" "PostmanRuntime/7.36.1"

info: ::1 - - [12/Feb/2024:17:36:24 +0000] "GET /api/v1/books/ HTTP/1.1" 200 9282 "-" "PostmanRuntime/7.36.1"

info: ::1 - - [12/Feb/2024:17:41:04 +0000] "GET /api/v1/book/ HTTP/1.1" 404 47 "-" "PostmanRuntime/7.36.1"

info: ::1 - - [12/Feb/2024:17:41:12 +0000] "POST /api/v1/book/ HTTP/1.1" 404 47 "-" "PostmanRuntime/7.36.1"

info: ::1 - - [12/Feb/2024:17:41:22 +0000] "GET /api/v1/book/ HTTP/1.1" 404 47 "-" "PostmanRuntime/7.36.1"

info: ::1 - - [12/Feb/2024:17:41:27 +0000] "GET /api/v1/book/ HTTP/1.1" 404 47 "-" "PostmanRuntime/7.36.1"

info: ::1 - - [12/Feb/2024:17:41:39 +0000] "GET /api/v1/book/ HTTP/1.1" 404 47 "-" "PostmanRuntime/7.36.1"

info: ::1 - - [12/Feb/2024:17:41:45 +0000] "GET /api/v1/book/ HTTP/1.1" 404 47 "-" "PostmanRuntime/7.36.1"

info: ::1 - - [12/Feb/2024:17:41:55 +0000] "GET /api/v1/book/ HTTP/1.1" 404 47 "-" "PostmanRuntime/7.36.1"

info: ::1 - - [12/Feb/2024:17:42:44 +0000] "GET /api/v1/books/ HTTP/1.1" 200 9282 "-" "PostmanRuntime/7.36.1"

info: ::1 - - [12/Feb/2024:17:43:34 +0000] "GET /api/v1/books/62158a6505253301a4fda5df HTTP/1.1" 200 387 "-" "PostmanRuntime/7.36.1"

info: ::1 - - [12/Feb/2024:17:45:39 +0000] "GET /api/v1/books/62158a6505253301a4fda5df HTTP/1.1" 200 387 "-" "PostmanRuntime/7.36.1"

error: uncaughtException: res.status is not a function
TypeError: res.status is not a function
    at _callee$ (D:\CFPWorkspace\BookStore-Project\bookstore-backend\src\controllers\/book.controller.js:13:9)
    at tryCatch (D:\CFPWorkspace\BookStore-Project\bookstore-backend\node_modules\@babel\runtime\helpers\regeneratorRuntime.js:45:16)
    at Generator.<anonymous> (D:\CFPWorkspace\BookStore-Project\bookstore-backend\node_modules\@babel\runtime\helpers\regeneratorRuntime.js:133:17)
    at Generator.next (D:\CFPWorkspace\BookStore-Project\bookstore-backend\node_modules\@babel\runtime\helpers\regeneratorRuntime.js:74:21)
    at asyncGeneratorStep (D:\CFPWorkspace\BookStore-Project\bookstore-backend\node_modules\@babel\runtime\helpers\asyncToGenerator.js:3:24)
    at _next (D:\CFPWorkspace\BookStore-Project\bookstore-backend\node_modules\@babel\runtime\helpers\asyncToGenerator.js:22:9)
    at processTicksAndRejections (node:internal/process/task_queues:95:5) {"date":"Mon Feb 12 2024 23:15:48 GMT+0530 (India Standard Time)","error":{},"exception":true,"os":{"loadavg":[0,0,0],"uptime":1060393.5},"process":{"argv":["node","D:\\CFPWorkspace\\BookStore-Project\\bookstore-backend\\src\\index.js"],"cwd":"D:\\CFPWorkspace\\BookStore-Project\\bookstore-backend","execPath":"C:\\Program Files\\nodejs\\node.exe","gid":null,"memoryUsage":{"arrayBuffers":18291319,"external":21378620,"heapTotal":92368896,"heapUsed":55184728,"rss":134676480},"pid":26432,"uid":null,"version":"v21.5.0"},"stack":"TypeError: res.status is not a function\n    at _callee$ (D:\\CFPWorkspace\\BookStore-Project\\bookstore-backend\\src\\controllers\\/book.controller.js:13:9)\n    at tryCatch (D:\\CFPWorkspace\\BookStore-Project\\bookstore-backend\\node_modules\\@babel\\runtime\\helpers\\regeneratorRuntime.js:45:16)\n    at Generator.<anonymous> (D:\\CFPWorkspace\\BookStore-Project\\bookstore-backend\\node_modules\\@babel\\runtime\\helpers\\regeneratorRuntime.js:133:17)\n    at Generator.next (D:\\CFPWorkspace\\BookStore-Project\\bookstore-backend\\node_modules\\@babel\\runtime\\helpers\\regeneratorRuntime.js:74:21)\n    at asyncGeneratorStep (D:\\CFPWorkspace\\BookStore-Project\\bookstore-backend\\node_modules\\@babel\\runtime\\helpers\\asyncToGenerator.js:3:24)\n    at _next (D:\\CFPWorkspace\\BookStore-Project\\bookstore-backend\\node_modules\\@babel\\runtime\\helpers\\asyncToGenerator.js:22:9)\n    at processTicksAndRejections (node:internal/process/task_queues:95:5)","trace":[{"column":9,"file":"D:\\CFPWorkspace\\BookStore-Project\\bookstore-backend\\src\\controllers\\/book.controller.js","function":"_callee$","line":13,"method":null,"native":false},{"column":16,"file":"D:\\CFPWorkspace\\BookStore-Project\\bookstore-backend\\node_modules\\@babel\\runtime\\helpers\\regeneratorRuntime.js","function":"tryCatch","line":45,"method":null,"native":false},{"column":17,"file":"D:\\CFPWorkspace\\BookStore-Project\\bookstore-backend\\node_modules\\@babel\\runtime\\helpers\\regeneratorRuntime.js","function":null,"line":133,"method":null,"native":false},{"column":21,"file":"D:\\CFPWorkspace\\BookStore-Project\\bookstore-backend\\node_modules\\@babel\\runtime\\helpers\\regeneratorRuntime.js","function":"Generator.next","line":74,"method":"next","native":false},{"column":24,"file":"D:\\CFPWorkspace\\BookStore-Project\\bookstore-backend\\node_modules\\@babel\\runtime\\helpers\\asyncToGenerator.js","function":"asyncGeneratorStep","line":3,"method":null,"native":false},{"column":9,"file":"D:\\CFPWorkspace\\BookStore-Project\\bookstore-backend\\node_modules\\@babel\\runtime\\helpers\\asyncToGenerator.js","function":"_next","line":22,"method":null,"native":false},{"column":5,"file":"node:internal/process/task_queues","function":"processTicksAndRejections","line":95,"method":null,"native":false}]}
error: uncaughtException: res.status is not a function
TypeError: res.status is not a function
    at _callee$ (D:\CFPWorkspace\BookStore-Project\bookstore-backend\src\controllers\/book.controller.js:13:9)
    at tryCatch (D:\CFPWorkspace\BookStore-Project\bookstore-backend\node_modules\@babel\runtime\helpers\regeneratorRuntime.js:45:16)
    at Generator.<anonymous> (D:\CFPWorkspace\BookStore-Project\bookstore-backend\node_modules\@babel\runtime\helpers\regeneratorRuntime.js:133:17)
    at Generator.next (D:\CFPWorkspace\BookStore-Project\bookstore-backend\node_modules\@babel\runtime\helpers\regeneratorRuntime.js:74:21)
    at asyncGeneratorStep (D:\CFPWorkspace\BookStore-Project\bookstore-backend\node_modules\@babel\runtime\helpers\asyncToGenerator.js:3:24)
    at _next (D:\CFPWorkspace\BookStore-Project\bookstore-backend\node_modules\@babel\runtime\helpers\asyncToGenerator.js:22:9)
    at processTicksAndRejections (node:internal/process/task_queues:95:5) {"date":"Mon Feb 12 2024 23:16:52 GMT+0530 (India Standard Time)","error":{},"exception":true,"os":{"loadavg":[0,0,0],"uptime":1060456.937},"process":{"argv":["node","D:\\CFPWorkspace\\BookStore-Project\\bookstore-backend\\src\\index.js"],"cwd":"D:\\CFPWorkspace\\BookStore-Project\\bookstore-backend","execPath":"C:\\Program Files\\nodejs\\node.exe","gid":null,"memoryUsage":{"arrayBuffers":18280347,"external":21367648,"heapTotal":91844608,"heapUsed":53657984,"rss":133070848},"pid":7024,"uid":null,"version":"v21.5.0"},"stack":"TypeError: res.status is not a function\n    at _callee$ (D:\\CFPWorkspace\\BookStore-Project\\bookstore-backend\\src\\controllers\\/book.controller.js:13:9)\n    at tryCatch (D:\\CFPWorkspace\\BookStore-Project\\bookstore-backend\\node_modules\\@babel\\runtime\\helpers\\regeneratorRuntime.js:45:16)\n    at Generator.<anonymous> (D:\\CFPWorkspace\\BookStore-Project\\bookstore-backend\\node_modules\\@babel\\runtime\\helpers\\regeneratorRuntime.js:133:17)\n    at Generator.next (D:\\CFPWorkspace\\BookStore-Project\\bookstore-backend\\node_modules\\@babel\\runtime\\helpers\\regeneratorRuntime.js:74:21)\n    at asyncGeneratorStep (D:\\CFPWorkspace\\BookStore-Project\\bookstore-backend\\node_modules\\@babel\\runtime\\helpers\\asyncToGenerator.js:3:24)\n    at _next (D:\\CFPWorkspace\\BookStore-Project\\bookstore-backend\\node_modules\\@babel\\runtime\\helpers\\asyncToGenerator.js:22:9)\n    at processTicksAndRejections (node:internal/process/task_queues:95:5)","trace":[{"column":9,"file":"D:\\CFPWorkspace\\BookStore-Project\\bookstore-backend\\src\\controllers\\/book.controller.js","function":"_callee$","line":13,"method":null,"native":false},{"column":16,"file":"D:\\CFPWorkspace\\BookStore-Project\\bookstore-backend\\node_modules\\@babel\\runtime\\helpers\\regeneratorRuntime.js","function":"tryCatch","line":45,"method":null,"native":false},{"column":17,"file":"D:\\CFPWorkspace\\BookStore-Project\\bookstore-backend\\node_modules\\@babel\\runtime\\helpers\\regeneratorRuntime.js","function":null,"line":133,"method":null,"native":false},{"column":21,"file":"D:\\CFPWorkspace\\BookStore-Project\\bookstore-backend\\node_modules\\@babel\\runtime\\helpers\\regeneratorRuntime.js","function":"Generator.next","line":74,"method":"next","native":false},{"column":24,"file":"D:\\CFPWorkspace\\BookStore-Project\\bookstore-backend\\node_modules\\@babel\\runtime\\helpers\\asyncToGenerator.js","function":"asyncGeneratorStep","line":3,"method":null,"native":false},{"column":9,"file":"D:\\CFPWorkspace\\BookStore-Project\\bookstore-backend\\node_modules\\@babel\\runtime\\helpers\\asyncToGenerator.js","function":"_next","line":22,"method":null,"native":false},{"column":5,"file":"node:internal/process/task_queues","function":"processTicksAndRejections","line":95,"method":null,"native":false}]}
error: uncaughtException: res.status is not a function
TypeError: res.status is not a function
    at _callee$ (D:\CFPWorkspace\BookStore-Project\bookstore-backend\src\controllers\/book.controller.js:13:9)
    at tryCatch (D:\CFPWorkspace\BookStore-Project\bookstore-backend\node_modules\@babel\runtime\helpers\regeneratorRuntime.js:45:16)
    at Generator.<anonymous> (D:\CFPWorkspace\BookStore-Project\bookstore-backend\node_modules\@babel\runtime\helpers\regeneratorRuntime.js:133:17)
    at Generator.next (D:\CFPWorkspace\BookStore-Project\bookstore-backend\node_modules\@babel\runtime\helpers\regeneratorRuntime.js:74:21)
    at asyncGeneratorStep (D:\CFPWorkspace\BookStore-Project\bookstore-backend\node_modules\@babel\runtime\helpers\asyncToGenerator.js:3:24)
    at _next (D:\CFPWorkspace\BookStore-Project\bookstore-backend\node_modules\@babel\runtime\helpers\asyncToGenerator.js:22:9)
    at processTicksAndRejections (node:internal/process/task_queues:95:5) {"date":"Mon Feb 12 2024 23:17:22 GMT+0530 (India Standard Time)","error":{},"exception":true,"os":{"loadavg":[0,0,0],"uptime":1060486.64},"process":{"argv":["node","D:\\CFPWorkspace\\BookStore-Project\\bookstore-backend\\src\\index.js"],"cwd":"D:\\CFPWorkspace\\BookStore-Project\\bookstore-backend","execPath":"C:\\Program Files\\nodejs\\node.exe","gid":null,"memoryUsage":{"arrayBuffers":18281317,"external":21368618,"heapTotal":91844608,"heapUsed":53248432,"rss":134230016},"pid":11244,"uid":null,"version":"v21.5.0"},"stack":"TypeError: res.status is not a function\n    at _callee$ (D:\\CFPWorkspace\\BookStore-Project\\bookstore-backend\\src\\controllers\\/book.controller.js:13:9)\n    at tryCatch (D:\\CFPWorkspace\\BookStore-Project\\bookstore-backend\\node_modules\\@babel\\runtime\\helpers\\regeneratorRuntime.js:45:16)\n    at Generator.<anonymous> (D:\\CFPWorkspace\\BookStore-Project\\bookstore-backend\\node_modules\\@babel\\runtime\\helpers\\regeneratorRuntime.js:133:17)\n    at Generator.next (D:\\CFPWorkspace\\BookStore-Project\\bookstore-backend\\node_modules\\@babel\\runtime\\helpers\\regeneratorRuntime.js:74:21)\n    at asyncGeneratorStep (D:\\CFPWorkspace\\BookStore-Project\\bookstore-backend\\node_modules\\@babel\\runtime\\helpers\\asyncToGenerator.js:3:24)\n    at _next (D:\\CFPWorkspace\\BookStore-Project\\bookstore-backend\\node_modules\\@babel\\runtime\\helpers\\asyncToGenerator.js:22:9)\n    at processTicksAndRejections (node:internal/process/task_queues:95:5)","trace":[{"column":9,"file":"D:\\CFPWorkspace\\BookStore-Project\\bookstore-backend\\src\\controllers\\/book.controller.js","function":"_callee$","line":13,"method":null,"native":false},{"column":16,"file":"D:\\CFPWorkspace\\BookStore-Project\\bookstore-backend\\node_modules\\@babel\\runtime\\helpers\\regeneratorRuntime.js","function":"tryCatch","line":45,"method":null,"native":false},{"column":17,"file":"D:\\CFPWorkspace\\BookStore-Project\\bookstore-backend\\node_modules\\@babel\\runtime\\helpers\\regeneratorRuntime.js","function":null,"line":133,"method":null,"native":false},{"column":21,"file":"D:\\CFPWorkspace\\BookStore-Project\\bookstore-backend\\node_modules\\@babel\\runtime\\helpers\\regeneratorRuntime.js","function":"Generator.next","line":74,"method":"next","native":false},{"column":24,"file":"D:\\CFPWorkspace\\BookStore-Project\\bookstore-backend\\node_modules\\@babel\\runtime\\helpers\\asyncToGenerator.js","function":"asyncGeneratorStep","line":3,"method":null,"native":false},{"column":9,"file":"D:\\CFPWorkspace\\BookStore-Project\\bookstore-backend\\node_modules\\@babel\\runtime\\helpers\\asyncToGenerator.js","function":"_next","line":22,"method":null,"native":false},{"column":5,"file":"node:internal/process/task_queues","function":"processTicksAndRejections","line":95,"method":null,"native":false}]}
info: ::1 - - [12/Feb/2024:17:48:58 +0000] "GET /api/v1/books/ HTTP/1.1" 200 9282 "-" "PostmanRuntime/7.36.1"

info: ::1 - - [12/Feb/2024:17:49:11 +0000] "GET /api/v1/books/ HTTP/1.1" 200 9282 "-" "PostmanRuntime/7.36.1"

error: uncaughtException: res.status is not a function
TypeError: res.status is not a function
    at _callee$ (D:\CFPWorkspace\BookStore-Project\bookstore-backend\src\controllers\/book.controller.js:13:9)
    at tryCatch (D:\CFPWorkspace\BookStore-Project\bookstore-backend\node_modules\@babel\runtime\helpers\regeneratorRuntime.js:45:16)
    at Generator.<anonymous> (D:\CFPWorkspace\BookStore-Project\bookstore-backend\node_modules\@babel\runtime\helpers\regeneratorRuntime.js:133:17)
    at Generator.next (D:\CFPWorkspace\BookStore-Project\bookstore-backend\node_modules\@babel\runtime\helpers\regeneratorRuntime.js:74:21)
    at asyncGeneratorStep (D:\CFPWorkspace\BookStore-Project\bookstore-backend\node_modules\@babel\runtime\helpers\asyncToGenerator.js:3:24)
    at _next (D:\CFPWorkspace\BookStore-Project\bookstore-backend\node_modules\@babel\runtime\helpers\asyncToGenerator.js:22:9)
    at processTicksAndRejections (node:internal/process/task_queues:95:5) {"date":"Mon Feb 12 2024 23:19:41 GMT+0530 (India Standard Time)","error":{},"exception":true,"os":{"loadavg":[0,0,0],"uptime":1060626.234},"process":{"argv":["node","D:\\CFPWorkspace\\BookStore-Project\\bookstore-backend\\src\\index.js"],"cwd":"D:\\CFPWorkspace\\BookStore-Project\\bookstore-backend","execPath":"C:\\Program Files\\nodejs\\node.exe","gid":null,"memoryUsage":{"arrayBuffers":18280347,"external":21367648,"heapTotal":91582464,"heapUsed":54013232,"rss":132911104},"pid":1608,"uid":null,"version":"v21.5.0"},"stack":"TypeError: res.status is not a function\n    at _callee$ (D:\\CFPWorkspace\\BookStore-Project\\bookstore-backend\\src\\controllers\\/book.controller.js:13:9)\n    at tryCatch (D:\\CFPWorkspace\\BookStore-Project\\bookstore-backend\\node_modules\\@babel\\runtime\\helpers\\regeneratorRuntime.js:45:16)\n    at Generator.<anonymous> (D:\\CFPWorkspace\\BookStore-Project\\bookstore-backend\\node_modules\\@babel\\runtime\\helpers\\regeneratorRuntime.js:133:17)\n    at Generator.next (D:\\CFPWorkspace\\BookStore-Project\\bookstore-backend\\node_modules\\@babel\\runtime\\helpers\\regeneratorRuntime.js:74:21)\n    at asyncGeneratorStep (D:\\CFPWorkspace\\BookStore-Project\\bookstore-backend\\node_modules\\@babel\\runtime\\helpers\\asyncToGenerator.js:3:24)\n    at _next (D:\\CFPWorkspace\\BookStore-Project\\bookstore-backend\\node_modules\\@babel\\runtime\\helpers\\asyncToGenerator.js:22:9)\n    at processTicksAndRejections (node:internal/process/task_queues:95:5)","trace":[{"column":9,"file":"D:\\CFPWorkspace\\BookStore-Project\\bookstore-backend\\src\\controllers\\/book.controller.js","function":"_callee$","line":13,"method":null,"native":false},{"column":16,"file":"D:\\CFPWorkspace\\BookStore-Project\\bookstore-backend\\node_modules\\@babel\\runtime\\helpers\\regeneratorRuntime.js","function":"tryCatch","line":45,"method":null,"native":false},{"column":17,"file":"D:\\CFPWorkspace\\BookStore-Project\\bookstore-backend\\node_modules\\@babel\\runtime\\helpers\\regeneratorRuntime.js","function":null,"line":133,"method":null,"native":false},{"column":21,"file":"D:\\CFPWorkspace\\BookStore-Project\\bookstore-backend\\node_modules\\@babel\\runtime\\helpers\\regeneratorRuntime.js","function":"Generator.next","line":74,"method":"next","native":false},{"column":24,"file":"D:\\CFPWorkspace\\BookStore-Project\\bookstore-backend\\node_modules\\@babel\\runtime\\helpers\\asyncToGenerator.js","function":"asyncGeneratorStep","line":3,"method":null,"native":false},{"column":9,"file":"D:\\CFPWorkspace\\BookStore-Project\\bookstore-backend\\node_modules\\@babel\\runtime\\helpers\\asyncToGenerator.js","function":"_next","line":22,"method":null,"native":false},{"column":5,"file":"node:internal/process/task_queues","function":"processTicksAndRejections","line":95,"method":null,"native":false}]}
error: uncaughtException: res.status is not a function
TypeError: res.status is not a function
    at _callee$ (D:\CFPWorkspace\BookStore-Project\bookstore-backend\src\controllers\/book.controller.js:13:9)
    at tryCatch (D:\CFPWorkspace\BookStore-Project\bookstore-backend\node_modules\@babel\runtime\helpers\regeneratorRuntime.js:45:16)
    at Generator.<anonymous> (D:\CFPWorkspace\BookStore-Project\bookstore-backend\node_modules\@babel\runtime\helpers\regeneratorRuntime.js:133:17)
    at Generator.next (D:\CFPWorkspace\BookStore-Project\bookstore-backend\node_modules\@babel\runtime\helpers\regeneratorRuntime.js:74:21)
    at asyncGeneratorStep (D:\CFPWorkspace\BookStore-Project\bookstore-backend\node_modules\@babel\runtime\helpers\asyncToGenerator.js:3:24)
    at _next (D:\CFPWorkspace\BookStore-Project\bookstore-backend\node_modules\@babel\runtime\helpers\asyncToGenerator.js:22:9)
    at processTicksAndRejections (node:internal/process/task_queues:95:5) {"date":"Mon Feb 12 2024 23:20:37 GMT+0530 (India Standard Time)","error":{},"exception":true,"os":{"loadavg":[0,0,0],"uptime":1060682.531},"process":{"argv":["node","D:\\CFPWorkspace\\BookStore-Project\\bookstore-backend\\src\\index.js"],"cwd":"D:\\CFPWorkspace\\BookStore-Project\\bookstore-backend","execPath":"C:\\Program Files\\nodejs\\node.exe","gid":null,"memoryUsage":{"arrayBuffers":18280029,"external":21365925,"heapTotal":97181696,"heapUsed":47135856,"rss":138465280},"pid":8768,"uid":null,"version":"v21.5.0"},"stack":"TypeError: res.status is not a function\n    at _callee$ (D:\\CFPWorkspace\\BookStore-Project\\bookstore-backend\\src\\controllers\\/book.controller.js:13:9)\n    at tryCatch (D:\\CFPWorkspace\\BookStore-Project\\bookstore-backend\\node_modules\\@babel\\runtime\\helpers\\regeneratorRuntime.js:45:16)\n    at Generator.<anonymous> (D:\\CFPWorkspace\\BookStore-Project\\bookstore-backend\\node_modules\\@babel\\runtime\\helpers\\regeneratorRuntime.js:133:17)\n    at Generator.next (D:\\CFPWorkspace\\BookStore-Project\\bookstore-backend\\node_modules\\@babel\\runtime\\helpers\\regeneratorRuntime.js:74:21)\n    at asyncGeneratorStep (D:\\CFPWorkspace\\BookStore-Project\\bookstore-backend\\node_modules\\@babel\\runtime\\helpers\\asyncToGenerator.js:3:24)\n    at _next (D:\\CFPWorkspace\\BookStore-Project\\bookstore-backend\\node_modules\\@babel\\runtime\\helpers\\asyncToGenerator.js:22:9)\n    at processTicksAndRejections (node:internal/process/task_queues:95:5)","trace":[{"column":9,"file":"D:\\CFPWorkspace\\BookStore-Project\\bookstore-backend\\src\\controllers\\/book.controller.js","function":"_callee$","line":13,"method":null,"native":false},{"column":16,"file":"D:\\CFPWorkspace\\BookStore-Project\\bookstore-backend\\node_modules\\@babel\\runtime\\helpers\\regeneratorRuntime.js","function":"tryCatch","line":45,"method":null,"native":false},{"column":17,"file":"D:\\CFPWorkspace\\BookStore-Project\\bookstore-backend\\node_modules\\@babel\\runtime\\helpers\\regeneratorRuntime.js","function":null,"line":133,"method":null,"native":false},{"column":21,"file":"D:\\CFPWorkspace\\BookStore-Project\\bookstore-backend\\node_modules\\@babel\\runtime\\helpers\\regeneratorRuntime.js","function":"Generator.next","line":74,"method":"next","native":false},{"column":24,"file":"D:\\CFPWorkspace\\BookStore-Project\\bookstore-backend\\node_modules\\@babel\\runtime\\helpers\\asyncToGenerator.js","function":"asyncGeneratorStep","line":3,"method":null,"native":false},{"column":9,"file":"D:\\CFPWorkspace\\BookStore-Project\\bookstore-backend\\node_modules\\@babel\\runtime\\helpers\\asyncToGenerator.js","function":"_next","line":22,"method":null,"native":false},{"column":5,"file":"node:internal/process/task_queues","function":"processTicksAndRejections","line":95,"method":null,"native":false}]}
info: ::1 - - [12/Feb/2024:17:50:59 +0000] "GET /api/v1/books/ HTTP/1.1" 200 9282 "-" "PostmanRuntime/7.36.1"

info: ::1 - - [12/Feb/2024:17:51:55 +0000] "GET /api/v1/books/621588af05253301a4fda5ce HTTP/1.1" 200 349 "-" "PostmanRuntime/7.36.1"

info: ::1 - - [12/Feb/2024:17:52:45 +0000] "GET /api/v1/books/search HTTP/1.1" 200 351 "-" "PostmanRuntime/7.36.1"

info: ::1 - - [12/Feb/2024:17:52:56 +0000] "GET /api/v1/books/ HTTP/1.1" 200 9282 "-" "PostmanRuntime/7.36.1"

info: ::1 - - [12/Feb/2024:17:53:33 +0000] "GET /api/v1/books/search HTTP/1.1" 200 365 "-" "PostmanRuntime/7.36.1"

info: ::1 - - [12/Feb/2024:17:53:57 +0000] "GET /api/v1/books/filter HTTP/1.1" 200 9284 "-" "PostmanRuntime/7.36.1"

info: ::1 - - [12/Feb/2024:18:01:29 +0000] "GET /api/v1/books/search HTTP/1.1" 200 1095 "-" "PostmanRuntime/7.36.1"

info: ::1 - - [12/Feb/2024:18:01:43 +0000] "GET /api/v1/books/search HTTP/1.1" 200 60 "-" "PostmanRuntime/7.36.1"

info: ::1 - - [12/Feb/2024:18:01:51 +0000] "GET /api/v1/books/search HTTP/1.1" 200 1095 "-" "PostmanRuntime/7.36.1"

info: ::1 - - [12/Feb/2024:18:04:02 +0000] "GET /api/v1/books/filter HTTP/1.1" 200 9284 "-" "PostmanRuntime/7.36.1"

info: ::1 - - [12/Feb/2024:18:04:12 +0000] "GET /api/v1/books/filter HTTP/1.1" 200 9284 "-" "PostmanRuntime/7.36.1"

info: ::1 - - [12/Feb/2024:18:04:18 +0000] "GET /api/v1/books/filter HTTP/1.1" 200 9284 "-" "PostmanRuntime/7.36.1"

info: ::1 - - [13/Feb/2024:05:26:30 +0000] "GET /api/v1/books/filter HTTP/1.1" 200 9293 "-" "PostmanRuntime/7.36.3"

info: ::1 - - [13/Feb/2024:05:26:42 +0000] "GET /api/v1/books/search HTTP/1.1" 200 9277 "-" "PostmanRuntime/7.36.3"

error: uncaughtException: Router.use() requires a middleware function but got a Object
TypeError: Router.use() requires a middleware function but got a Object
    at Function.use (D:\CFPWorkspace\BookStore-Project\bookstore-backend\node_modules\express\lib\router\index.js:469:13)
    at routes (D:\CFPWorkspace\BookStore-Project\bookstore-backend\src\routes\/index.js:14:10)
    at Object.<anonymous> (D:\CFPWorkspace\BookStore-Project\bookstore-backend\src\/index.js:32:38)
    at Module._compile (node:internal/modules/cjs/loader:1375:14)
    at Module._compile (D:\CFPWorkspace\BookStore-Project\bookstore-backend\node_modules\pirates\lib\index.js:117:24)
    at Module._extensions..js (node:internal/modules/cjs/loader:1434:10)
    at Object.newLoader [as .js] (D:\CFPWorkspace\BookStore-Project\bookstore-backend\node_modules\pirates\lib\index.js:121:7)
    at Module.load (node:internal/modules/cjs/loader:1206:32)
    at Function.Module._load (node:internal/modules/cjs/loader:1022:12)
    at Function.runMain (node:internal/modules/run_main:142:12)
    at Object.<anonymous> (D:\CFPWorkspace\BookStore-Project\bookstore-backend\node_modules\@babel\node\src\_babel-node.ts:222:12)
    at Module._compile (node:internal/modules/cjs/loader:1375:14)
    at Object.Module._extensions..js (node:internal/modules/cjs/loader:1434:10)
    at Module.load (node:internal/modules/cjs/loader:1206:32)
    at Function.Module._load (node:internal/modules/cjs/loader:1022:12)
    at Function.executeUserEntryPoint [as runMain] (node:internal/modules/run_main:142:12)
    at node:internal/main/run_main_module:28:49 {"date":"Tue Feb 13 2024 12:11:10 GMT+0530 (India Standard Time)","error":{},"exception":true,"os":{"loadavg":[0,0,0],"uptime":1106915.265},"process":{"argv":["node","D:\\CFPWorkspace\\BookStore-Project\\bookstore-backend\\src\\index.js"],"cwd":"D:\\CFPWorkspace\\BookStore-Project\\bookstore-backend","execPath":"C:\\Program Files\\nodejs\\node.exe","gid":null,"memoryUsage":{"arrayBuffers":18315977,"external":21384101,"heapTotal":92987392,"heapUsed":61516072,"rss":132067328},"pid":14816,"uid":null,"version":"v21.5.0"},"stack":"TypeError: Router.use() requires a middleware function but got a Object\n    at Function.use (D:\\CFPWorkspace\\BookStore-Project\\bookstore-backend\\node_modules\\express\\lib\\router\\index.js:469:13)\n    at routes (D:\\CFPWorkspace\\BookStore-Project\\bookstore-backend\\src\\routes\\/index.js:14:10)\n    at Object.<anonymous> (D:\\CFPWorkspace\\BookStore-Project\\bookstore-backend\\src\\/index.js:32:38)\n    at Module._compile (node:internal/modules/cjs/loader:1375:14)\n    at Module._compile (D:\\CFPWorkspace\\BookStore-Project\\bookstore-backend\\node_modules\\pirates\\lib\\index.js:117:24)\n    at Module._extensions..js (node:internal/modules/cjs/loader:1434:10)\n    at Object.newLoader [as .js] (D:\\CFPWorkspace\\BookStore-Project\\bookstore-backend\\node_modules\\pirates\\lib\\index.js:121:7)\n    at Module.load (node:internal/modules/cjs/loader:1206:32)\n    at Function.Module._load (node:internal/modules/cjs/loader:1022:12)\n    at Function.runMain (node:internal/modules/run_main:142:12)\n    at Object.<anonymous> (D:\\CFPWorkspace\\BookStore-Project\\bookstore-backend\\node_modules\\@babel\\node\\src\\_babel-node.ts:222:12)\n    at Module._compile (node:internal/modules/cjs/loader:1375:14)\n    at Object.Module._extensions..js (node:internal/modules/cjs/loader:1434:10)\n    at Module.load (node:internal/modules/cjs/loader:1206:32)\n    at Function.Module._load (node:internal/modules/cjs/loader:1022:12)\n    at Function.executeUserEntryPoint [as runMain] (node:internal/modules/run_main:142:12)\n    at node:internal/main/run_main_module:28:49","trace":[{"column":13,"file":"D:\\CFPWorkspace\\BookStore-Project\\bookstore-backend\\node_modules\\express\\lib\\router\\index.js","function":"Function.use","line":469,"method":"use","native":false},{"column":10,"file":"D:\\CFPWorkspace\\BookStore-Project\\bookstore-backend\\src\\routes\\/index.js","function":"routes","line":14,"method":null,"native":false},{"column":38,"file":"D:\\CFPWorkspace\\BookStore-Project\\bookstore-backend\\src\\/index.js","function":null,"line":32,"method":null,"native":false},{"column":14,"file":"node:internal/modules/cjs/loader","function":"Module._compile","line":1375,"method":"_compile","native":false},{"column":24,"file":"D:\\CFPWorkspace\\BookStore-Project\\bookstore-backend\\node_modules\\pirates\\lib\\index.js","function":"Module._compile","line":117,"method":"_compile","native":false},{"column":10,"file":"node:internal/modules/cjs/loader","function":"Module._extensions..js","line":1434,"method":".js","native":false},{"column":7,"file":"D:\\CFPWorkspace\\BookStore-Project\\bookstore-backend\\node_modules\\pirates\\lib\\index.js","function":"Object.newLoader [as .js]","line":121,"method":"js]","native":false},{"column":32,"file":"node:internal/modules/cjs/loader","function":"Module.load","line":1206,"method":"load","native":false},{"column":12,"file":"node:internal/modules/cjs/loader","function":"Module._load","line":1022,"method":"_load","native":false},{"column":12,"file":"node:internal/modules/run_main","function":"Function.runMain","line":142,"method":"runMain","native":false},{"column":12,"file":"D:\\CFPWorkspace\\BookStore-Project\\bookstore-backend\\node_modules\\@babel\\node\\src\\_babel-node.ts","function":null,"line":222,"method":null,"native":false},{"column":14,"file":"node:internal/modules/cjs/loader","function":"Module._compile","line":1375,"method":"_compile","native":false},{"column":10,"file":"node:internal/modules/cjs/loader","function":"Module._extensions..js","line":1434,"method":".js","native":false},{"column":32,"file":"node:internal/modules/cjs/loader","function":"Module.load","line":1206,"method":"load","native":false},{"column":12,"file":"node:internal/modules/cjs/loader","function":"Module._load","line":1022,"method":"_load","native":false},{"column":12,"file":"node:internal/modules/run_main","function":"Function.executeUserEntryPoint [as runMain]","line":142,"method":"executeUserEntryPoint [as runMain]","native":false},{"column":49,"file":"node:internal/main/run_main_module","function":null,"line":28,"method":null,"native":false}]}
